Current UTC time: 2025-04-17 10:18:01
Selected avatar: Masha
Starting video generation process...
Generating video with text: 'The GOAT (Greatest of All Time) of football is a title often debated among fans, with legends like Pelé, Diego Maradona, Cristiano Ronaldo, and Lionel Messi all in the conversation. Lionel Messi is widely regarded as the GOAT due to his incredible skill, vision, consistency, and record-breaking career. With numerous Ballon d'Or awards, Champions League titles, and finally a World Cup win in 2022, Messi’s legacy is unmatched. His balance of goals, assists, and creativity redefined the modern game. While others have made massive impacts, Messi's artistry and longevity at the top make him the ultimate icon in football history.'
Video generation started with ID: ee755b2b0319495baba036a38106b679
Waiting for video to complete...
Video status: waiting. Checking again in 5 seconds...
Video status: processing. Checking again in 5 seconds...
Video status: processing. Checking again in 5 seconds...
Video status: processing. Checking again in 5 seconds...
Video status: processing. Checking again in 5 seconds...
Video status: processing. Checking again in 5 seconds...
Video status: processing. Checking again in 5 seconds...
Video status: processing. Checking again in 5 seconds...
Video status: processing. Checking again in 5 seconds...
Video status: processing. Checking again in 5 seconds...
Video status: processing. Checking again in 5 seconds...
Video status: processing. Checking again in 5 seconds...
Video status: processing. Checking again in 5 seconds...
Video status: processing. Checking again in 5 seconds...
Video status: processing. Checking again in 5 seconds...
Video status: processing. Checking again in 5 seconds...
Video status: processing. Checking again in 5 seconds...
Video status: processing. Checking again in 5 seconds...
Video status: processing. Checking again in 5 seconds...
Video status: processing. Checking again in 5 seconds...
Video status: processing. Checking again in 5 seconds...
Video status: processing. Checking again in 5 seconds...
Video status: processing. Checking again in 5 seconds...
Video status: processing. Checking again in 5 seconds...
Video status: processing. Checking again in 5 seconds...
Video status: processing. Checking again in 5 seconds...
Video status: processing. Checking again in 5 seconds...
Video status: processing. Checking again in 5 seconds...
Video status: processing. Checking again in 5 seconds...
Video is ready. Downloading from https://files2.heygen.ai/aws_pacific/avatar_tmp/e9a4d3a4d34647b0883d264f8e131dce/ee755b2b0319495baba036a38106b679.mp4?Expires=1745490049&Signature=QwjnvyXkqZWKvtsxAe0ZQcG4XpIgaHKMkyAlbhMWlCRv8PG70x7ChN8khbkxN8uHf0MzWlG3x9BCt3-3ToRrIuO3gRoAuExgEmVW9NN4-tCngV0aOfI1ki5I1nwjUhJhKeDzW71PCgp23YkRwGzY02pnBnBOhN0WPM1czzc9AQMs4~BPGwDVbo3YVQ~c4P0~6qK5STequB0g~FRvYoQcQUfQ8WDMcHf~jeDVI1qaobuMsthH8RIs5GYBpOcHX7IootrIMqOn-IuAFKPXFBZEkdeRsHCG1Nxflx1slhTGF1EdK~IFQzVPaHRG9VFfWd-3bJKDZiAuHxxb8CFryRqgZg__&Key-Pair-Id=K38HBHX5LX3X2H
Video downloaded successfully to outputs/output_5cd9583f-d68b-4bda-9584-b2951e7482b3.mp4
Video downloaded successfully to outputs/output_5cd9583f-d68b-4bda-9584-b2951e7482b3.mp4
Uploading...
Upload complete!
Video ID: miLpnEgg1YM




Current UTC time: 2025-04-17 10:36:01
Selected avatar: Raul
Starting video generation process...
Generating video with text: 'The GOAT (Greatest of All Time) of football is a title often debated among fans, with legends like Pelé, Diego Maradona, Cristiano Ronaldo, and Lionel Messi all in the conversation. Lionel Messi is widely regarded as the GOAT due to his incredible skill, vision, consistency, and record-breaking career. With numerous Ballon d'Or awards, Champions League titles, and finally a World Cup win in 2022, Messi’s legacy is unmatched. His balance of goals, assists, and creativity redefined the modern game. While others have made massive impacts, Messi's artistry and longevity at the top make him the ultimate icon in football history.'
Video generation started with ID: ac9d28653a914480804cb8cb9621a26c
Waiting for video to complete...
Video status: waiting. Checking again in 5 seconds...
Video status: waiting. Checking again in 5 seconds...
Video status: waiting. Checking again in 5 seconds...
Video status: pending. Checking again in 5 seconds...
Video status: processing. Checking again in 5 seconds...
Video status: processing. Checking again in 5 seconds...
Video status: processing. Checking again in 5 seconds...
Video status: processing. Checking again in 5 seconds...
Video status: processing. Checking again in 5 seconds...
Video status: processing. Checking again in 5 seconds...
Video status: processing. Checking again in 5 seconds...
Video status: processing. Checking again in 5 seconds...
Video status: processing. Checking again in 5 seconds...
Video status: processing. Checking again in 5 seconds...
Video status: processing. Checking again in 5 seconds...
Video status: processing. Checking again in 5 seconds...
Video status: processing. Checking again in 5 seconds...
Video status: processing. Checking again in 5 seconds...
Video status: processing. Checking again in 5 seconds...
Video status: processing. Checking again in 5 seconds...
Video status: processing. Checking again in 5 seconds...
Video status: processing. Checking again in 5 seconds...
Video status: processing. Checking again in 5 seconds...
Video status: processing. Checking again in 5 seconds...
Video status: processing. Checking again in 5 seconds...
Video status: processing. Checking again in 5 seconds...
Video is ready. Downloading from https://files2.heygen.ai/aws_pacific/avatar_tmp/e9a4d3a4d34647b0883d264f8e131dce/ac9d28653a914480804cb8cb9621a26c.mp4?Expires=1745491112&Signature=P~p2JkEoDoQ5xQYm-N02zNQP2iAw0gWFw1HcPn-i5P8r7eegK1y7SWw1vopIlWaPCw~c5gOZMDqtClJSj~YQjyB3kvfkkBX4MM53aLI4UL6D0iC0p56t0cB2Qi0RKArf6qPq62EpcBSC~MtgtYrpjhcvWhFeUAy1R6jEpIxRUCHbrlbEkhRIXHTDi8BfItkUxt74uEk20qH-T2U7q-v1P~Nvk-0bPjWbRoFloq5YCR78f3gJZdljI1QxqZ1MijwIxKuLCLer7nNqPgHAOWxNb~b3~EuCrfPTn~C2~9xWqAA5khP2fEmFup9fsL1Lou4hPSalbhanuGNMnBPyLn8irw__&Key-Pair-Id=K38HBHX5LX3X2H
Video downloaded successfully to outputs/output_8a612191-ba77-49d2-a833-b9793b603e4e.mp4
Video downloaded successfully to outputs/output_8a612191-ba77-49d2-a833-b9793b603e4e.mp4
Uploading...
Upload complete!
Video ID: ZflUvfYlZ2g




